<?xml version="1.0" encoding="UTF-8"?>
<!-- Generated by org.testng.reporters.JUnitReportReporter -->
<testsuite hostname="vikas-PC" name="testcases.controltest" tests="1" failures="0" timestamp="2 Oct 2018 12:48:41 GMT" time="33.764" errors="0">
  <testcase name="Test" time="33.764" classname="testcases.controltest"/>
</testsuite> <!-- testcases.controltest -->
