<?xml version="1.0" encoding="UTF-8"?>
<!-- Generated by org.testng.reporters.JUnitReportReporter -->
<testsuite hostname="vikas-PC" name="testcases.Submitform" tests="1" failures="0" timestamp="30 Sep 2018 12:48:51 GMT" time="40.352" errors="0">
  <testcase name="test" time="40.352" classname="testcases.Submitform"/>
</testsuite> <!-- testcases.Submitform -->
