<?xml version="1.0" encoding="UTF-8"?>
<!-- Generated by org.testng.reporters.JUnitReportReporter -->
<testsuite hostname="vikas-PC" name="testcases.Submitform" tests="1" failures="0" timestamp="27 Sep 2018 22:43:34 GMT" time="114.151" errors="0">
  <testcase name="test" time="114.151" classname="testcases.Submitform"/>
</testsuite> <!-- testcases.Submitform -->
