<?xml version="1.0" encoding="UTF-8"?>
<!-- Generated by org.testng.reporters.JUnitReportReporter -->
<testsuite hostname="vikas-PC" name="testcases.Submitform" tests="1" failures="0" timestamp="29 Sep 2018 06:36:01 GMT" time="67.256" errors="0">
  <testcase name="test" time="67.256" classname="testcases.Submitform"/>
</testsuite> <!-- testcases.Submitform -->
